CRITICAL - 2023-07-22 02:54:42 --> Failed to look up SRV record "_mongodb._tcp.sandbox.pv0l7.mongodb.net": The specified host is unknown.
#0 /media/pcprog2/d614782d-4a30-4b71-93ce-c6b330e96b8d/Kyle files/GIT Projects/mongodb-codeigniter/vendor/mongodb/mongodb/src/functions.php(487): MongoDB\Driver\Manager->selectServer()
#1 /media/pcprog2/d614782d-4a30-4b71-93ce-c6b330e96b8d/Kyle files/GIT Projects/mongodb-codeigniter/vendor/mongodb/mongodb/src/Collection.php(654): MongoDB\select_server()
#2 /media/pcprog2/d614782d-4a30-4b71-93ce-c6b330e96b8d/Kyle files/GIT Projects/mongodb-codeigniter/app/Models/BooksModel.php(18): MongoDB\Collection->find()
#3 /media/pcprog2/d614782d-4a30-4b71-93ce-c6b330e96b8d/Kyle files/GIT Projects/mongodb-codeigniter/app/Controllers/Books.php(16): App\Models\BooksModel->getBooks()
#4 /media/pcprog2/d614782d-4a30-4b71-93ce-c6b330e96b8d/Kyle files/GIT Projects/mongodb-codeigniter/vendor/codeigniter4/framework/system/CodeIgniter.php(832): App\Controllers\Books->index()
#5 /media/pcprog2/d614782d-4a30-4b71-93ce-c6b330e96b8d/Kyle files/GIT Projects/mongodb-codeigniter/vendor/codeigniter4/framework/system/CodeIgniter.php(419): CodeIgniter\CodeIgniter->runController()
#6 /media/pcprog2/d614782d-4a30-4b71-93ce-c6b330e96b8d/Kyle files/GIT Projects/mongodb-codeigniter/vendor/codeigniter4/framework/system/CodeIgniter.php(326): CodeIgniter\CodeIgniter->handleRequest()
#7 /media/pcprog2/d614782d-4a30-4b71-93ce-c6b330e96b8d/Kyle files/GIT Projects/mongodb-codeigniter/public/index.php(37): CodeIgniter\CodeIgniter->run()
#8 /media/pcprog2/d614782d-4a30-4b71-93ce-c6b330e96b8d/Kyle files/GIT Projects/mongodb-codeigniter/vendor/codeigniter4/framework/system/Commands/Server/rewrite.php(43): require_once('...')
#9 {main}
CRITICAL - 2023-07-22 02:56:06 --> Failed to parse MongoDB URI: 'mongosh "mongodb+srv://ci4.al8qsyl.mongodb.net/" --apiVersion 1 --username kylealino'. Invalid URI Schema, expecting 'mongodb://' or 'mongodb+srv://'.
#0 /media/pcprog2/d614782d-4a30-4b71-93ce-c6b330e96b8d/Kyle files/GIT Projects/mongodb-codeigniter/vendor/mongodb/mongodb/src/Client.php(130): MongoDB\Driver\Manager->__construct()
#1 /media/pcprog2/d614782d-4a30-4b71-93ce-c6b330e96b8d/Kyle files/GIT Projects/mongodb-codeigniter/app/Libraries/DatabaseConnector.php(18): MongoDB\Client->__construct()
#2 /media/pcprog2/d614782d-4a30-4b71-93ce-c6b330e96b8d/Kyle files/GIT Projects/mongodb-codeigniter/app/Models/BooksModel.php(11): App\Libraries\DatabaseConnector->__construct()
#3 /media/pcprog2/d614782d-4a30-4b71-93ce-c6b330e96b8d/Kyle files/GIT Projects/mongodb-codeigniter/vendor/codeigniter4/framework/system/Config/Factories.php(110): App\Models\BooksModel->__construct()
#4 /media/pcprog2/d614782d-4a30-4b71-93ce-c6b330e96b8d/Kyle files/GIT Projects/mongodb-codeigniter/vendor/codeigniter4/framework/system/Common.php(780): CodeIgniter\Config\Factories::__callStatic()
#5 /media/pcprog2/d614782d-4a30-4b71-93ce-c6b330e96b8d/Kyle files/GIT Projects/mongodb-codeigniter/app/Controllers/Books.php(13): model()
#6 /media/pcprog2/d614782d-4a30-4b71-93ce-c6b330e96b8d/Kyle files/GIT Projects/mongodb-codeigniter/vendor/codeigniter4/framework/system/CodeIgniter.php(832): App\Controllers\Books->index()
#7 /media/pcprog2/d614782d-4a30-4b71-93ce-c6b330e96b8d/Kyle files/GIT Projects/mongodb-codeigniter/vendor/codeigniter4/framework/system/CodeIgniter.php(419): CodeIgniter\CodeIgniter->runController()
#8 /media/pcprog2/d614782d-4a30-4b71-93ce-c6b330e96b8d/Kyle files/GIT Projects/mongodb-codeigniter/vendor/codeigniter4/framework/system/CodeIgniter.php(326): CodeIgniter\CodeIgniter->handleRequest()
#9 /media/pcprog2/d614782d-4a30-4b71-93ce-c6b330e96b8d/Kyle files/GIT Projects/mongodb-codeigniter/public/index.php(37): CodeIgniter\CodeIgniter->run()
#10 /media/pcprog2/d614782d-4a30-4b71-93ce-c6b330e96b8d/Kyle files/GIT Projects/mongodb-codeigniter/vendor/codeigniter4/framework/system/Commands/Server/rewrite.php(43): require_once('...')
#11 {main}
CRITICAL - 2023-07-22 02:56:52 --> Failed to parse MongoDB URI: 'mongosh "mongodb+srv://ci4.al8qsyl.mongodb.net/" --username kylealino'. Invalid URI Schema, expecting 'mongodb://' or 'mongodb+srv://'.
#0 /media/pcprog2/d614782d-4a30-4b71-93ce-c6b330e96b8d/Kyle files/GIT Projects/mongodb-codeigniter/vendor/mongodb/mongodb/src/Client.php(130): MongoDB\Driver\Manager->__construct()
#1 /media/pcprog2/d614782d-4a30-4b71-93ce-c6b330e96b8d/Kyle files/GIT Projects/mongodb-codeigniter/app/Libraries/DatabaseConnector.php(18): MongoDB\Client->__construct()
#2 /media/pcprog2/d614782d-4a30-4b71-93ce-c6b330e96b8d/Kyle files/GIT Projects/mongodb-codeigniter/app/Models/BooksModel.php(11): App\Libraries\DatabaseConnector->__construct()
#3 /media/pcprog2/d614782d-4a30-4b71-93ce-c6b330e96b8d/Kyle files/GIT Projects/mongodb-codeigniter/vendor/codeigniter4/framework/system/Config/Factories.php(110): App\Models\BooksModel->__construct()
#4 /media/pcprog2/d614782d-4a30-4b71-93ce-c6b330e96b8d/Kyle files/GIT Projects/mongodb-codeigniter/vendor/codeigniter4/framework/system/Common.php(780): CodeIgniter\Config\Factories::__callStatic()
#5 /media/pcprog2/d614782d-4a30-4b71-93ce-c6b330e96b8d/Kyle files/GIT Projects/mongodb-codeigniter/app/Controllers/Books.php(13): model()
#6 /media/pcprog2/d614782d-4a30-4b71-93ce-c6b330e96b8d/Kyle files/GIT Projects/mongodb-codeigniter/vendor/codeigniter4/framework/system/CodeIgniter.php(832): App\Controllers\Books->index()
#7 /media/pcprog2/d614782d-4a30-4b71-93ce-c6b330e96b8d/Kyle files/GIT Projects/mongodb-codeigniter/vendor/codeigniter4/framework/system/CodeIgniter.php(419): CodeIgniter\CodeIgniter->runController()
#8 /media/pcprog2/d614782d-4a30-4b71-93ce-c6b330e96b8d/Kyle files/GIT Projects/mongodb-codeigniter/vendor/codeigniter4/framework/system/CodeIgniter.php(326): CodeIgniter\CodeIgniter->handleRequest()
#9 /media/pcprog2/d614782d-4a30-4b71-93ce-c6b330e96b8d/Kyle files/GIT Projects/mongodb-codeigniter/public/index.php(37): CodeIgniter\CodeIgniter->run()
#10 /media/pcprog2/d614782d-4a30-4b71-93ce-c6b330e96b8d/Kyle files/GIT Projects/mongodb-codeigniter/vendor/codeigniter4/framework/system/Commands/Server/rewrite.php(43): require_once('...')
#11 {main}
CRITICAL - 2023-07-22 02:57:40 --> Failed to parse MongoDB URI: 'mongosh "mongodb+srv://ci4.al8qsyl.mongodb.net" --username kylealino'. Invalid URI Schema, expecting 'mongodb://' or 'mongodb+srv://'.
#0 /media/pcprog2/d614782d-4a30-4b71-93ce-c6b330e96b8d/Kyle files/GIT Projects/mongodb-codeigniter/vendor/mongodb/mongodb/src/Client.php(130): MongoDB\Driver\Manager->__construct()
#1 /media/pcprog2/d614782d-4a30-4b71-93ce-c6b330e96b8d/Kyle files/GIT Projects/mongodb-codeigniter/app/Libraries/DatabaseConnector.php(18): MongoDB\Client->__construct()
#2 /media/pcprog2/d614782d-4a30-4b71-93ce-c6b330e96b8d/Kyle files/GIT Projects/mongodb-codeigniter/app/Models/BooksModel.php(11): App\Libraries\DatabaseConnector->__construct()
#3 /media/pcprog2/d614782d-4a30-4b71-93ce-c6b330e96b8d/Kyle files/GIT Projects/mongodb-codeigniter/vendor/codeigniter4/framework/system/Config/Factories.php(110): App\Models\BooksModel->__construct()
#4 /media/pcprog2/d614782d-4a30-4b71-93ce-c6b330e96b8d/Kyle files/GIT Projects/mongodb-codeigniter/vendor/codeigniter4/framework/system/Common.php(780): CodeIgniter\Config\Factories::__callStatic()
#5 /media/pcprog2/d614782d-4a30-4b71-93ce-c6b330e96b8d/Kyle files/GIT Projects/mongodb-codeigniter/app/Controllers/Books.php(13): model()
#6 /media/pcprog2/d614782d-4a30-4b71-93ce-c6b330e96b8d/Kyle files/GIT Projects/mongodb-codeigniter/vendor/codeigniter4/framework/system/CodeIgniter.php(832): App\Controllers\Books->index()
#7 /media/pcprog2/d614782d-4a30-4b71-93ce-c6b330e96b8d/Kyle files/GIT Projects/mongodb-codeigniter/vendor/codeigniter4/framework/system/CodeIgniter.php(419): CodeIgniter\CodeIgniter->runController()
#8 /media/pcprog2/d614782d-4a30-4b71-93ce-c6b330e96b8d/Kyle files/GIT Projects/mongodb-codeigniter/vendor/codeigniter4/framework/system/CodeIgniter.php(326): CodeIgniter\CodeIgniter->handleRequest()
#9 /media/pcprog2/d614782d-4a30-4b71-93ce-c6b330e96b8d/Kyle files/GIT Projects/mongodb-codeigniter/public/index.php(37): CodeIgniter\CodeIgniter->run()
#10 /media/pcprog2/d614782d-4a30-4b71-93ce-c6b330e96b8d/Kyle files/GIT Projects/mongodb-codeigniter/vendor/codeigniter4/framework/system/Commands/Server/rewrite.php(43): require_once('...')
#11 {main}
CRITICAL - 2023-07-22 02:59:41 --> auth required, correlationID = 177421abb97e5fe1c258f564
#0 /media/pcprog2/d614782d-4a30-4b71-93ce-c6b330e96b8d/Kyle files/GIT Projects/mongodb-codeigniter/vendor/mongodb/mongodb/src/Operation/Find.php(341): MongoDB\Driver\Server->executeQuery()
#1 /media/pcprog2/d614782d-4a30-4b71-93ce-c6b330e96b8d/Kyle files/GIT Projects/mongodb-codeigniter/vendor/mongodb/mongodb/src/Collection.php(666): MongoDB\Operation\Find->execute()
#2 /media/pcprog2/d614782d-4a30-4b71-93ce-c6b330e96b8d/Kyle files/GIT Projects/mongodb-codeigniter/app/Models/BooksModel.php(18): MongoDB\Collection->find()
#3 /media/pcprog2/d614782d-4a30-4b71-93ce-c6b330e96b8d/Kyle files/GIT Projects/mongodb-codeigniter/app/Controllers/Books.php(16): App\Models\BooksModel->getBooks()
#4 /media/pcprog2/d614782d-4a30-4b71-93ce-c6b330e96b8d/Kyle files/GIT Projects/mongodb-codeigniter/vendor/codeigniter4/framework/system/CodeIgniter.php(832): App\Controllers\Books->index()
#5 /media/pcprog2/d614782d-4a30-4b71-93ce-c6b330e96b8d/Kyle files/GIT Projects/mongodb-codeigniter/vendor/codeigniter4/framework/system/CodeIgniter.php(419): CodeIgniter\CodeIgniter->runController()
#6 /media/pcprog2/d614782d-4a30-4b71-93ce-c6b330e96b8d/Kyle files/GIT Projects/mongodb-codeigniter/vendor/codeigniter4/framework/system/CodeIgniter.php(326): CodeIgniter\CodeIgniter->handleRequest()
#7 /media/pcprog2/d614782d-4a30-4b71-93ce-c6b330e96b8d/Kyle files/GIT Projects/mongodb-codeigniter/public/index.php(37): CodeIgniter\CodeIgniter->run()
#8 /media/pcprog2/d614782d-4a30-4b71-93ce-c6b330e96b8d/Kyle files/GIT Projects/mongodb-codeigniter/vendor/codeigniter4/framework/system/Commands/Server/rewrite.php(43): require_once('...')
#9 {main}
CRITICAL - 2023-07-22 03:00:35 --> auth required, correlationID = 177421b83aa179c8c258f64a
#0 /media/pcprog2/d614782d-4a30-4b71-93ce-c6b330e96b8d/Kyle files/GIT Projects/mongodb-codeigniter/vendor/mongodb/mongodb/src/Operation/Find.php(341): MongoDB\Driver\Server->executeQuery()
#1 /media/pcprog2/d614782d-4a30-4b71-93ce-c6b330e96b8d/Kyle files/GIT Projects/mongodb-codeigniter/vendor/mongodb/mongodb/src/Collection.php(666): MongoDB\Operation\Find->execute()
#2 /media/pcprog2/d614782d-4a30-4b71-93ce-c6b330e96b8d/Kyle files/GIT Projects/mongodb-codeigniter/app/Models/BooksModel.php(18): MongoDB\Collection->find()
#3 /media/pcprog2/d614782d-4a30-4b71-93ce-c6b330e96b8d/Kyle files/GIT Projects/mongodb-codeigniter/app/Controllers/Books.php(16): App\Models\BooksModel->getBooks()
#4 /media/pcprog2/d614782d-4a30-4b71-93ce-c6b330e96b8d/Kyle files/GIT Projects/mongodb-codeigniter/vendor/codeigniter4/framework/system/CodeIgniter.php(832): App\Controllers\Books->index()
#5 /media/pcprog2/d614782d-4a30-4b71-93ce-c6b330e96b8d/Kyle files/GIT Projects/mongodb-codeigniter/vendor/codeigniter4/framework/system/CodeIgniter.php(419): CodeIgniter\CodeIgniter->runController()
#6 /media/pcprog2/d614782d-4a30-4b71-93ce-c6b330e96b8d/Kyle files/GIT Projects/mongodb-codeigniter/vendor/codeigniter4/framework/system/CodeIgniter.php(326): CodeIgniter\CodeIgniter->handleRequest()
#7 /media/pcprog2/d614782d-4a30-4b71-93ce-c6b330e96b8d/Kyle files/GIT Projects/mongodb-codeigniter/public/index.php(37): CodeIgniter\CodeIgniter->run()
#8 /media/pcprog2/d614782d-4a30-4b71-93ce-c6b330e96b8d/Kyle files/GIT Projects/mongodb-codeigniter/vendor/codeigniter4/framework/system/Commands/Server/rewrite.php(43): require_once('...')
#9 {main}
CRITICAL - 2023-07-22 03:02:18 --> Call to undefined function App\Libraries\show_error()
#0 /media/pcprog2/d614782d-4a30-4b71-93ce-c6b330e96b8d/Kyle files/GIT Projects/mongodb-codeigniter/app/Models/BooksModel.php(11): App\Libraries\DatabaseConnector->__construct()
#1 /media/pcprog2/d614782d-4a30-4b71-93ce-c6b330e96b8d/Kyle files/GIT Projects/mongodb-codeigniter/vendor/codeigniter4/framework/system/Config/Factories.php(110): App\Models\BooksModel->__construct()
#2 /media/pcprog2/d614782d-4a30-4b71-93ce-c6b330e96b8d/Kyle files/GIT Projects/mongodb-codeigniter/vendor/codeigniter4/framework/system/Common.php(780): CodeIgniter\Config\Factories::__callStatic()
#3 /media/pcprog2/d614782d-4a30-4b71-93ce-c6b330e96b8d/Kyle files/GIT Projects/mongodb-codeigniter/app/Controllers/Books.php(13): model()
#4 /media/pcprog2/d614782d-4a30-4b71-93ce-c6b330e96b8d/Kyle files/GIT Projects/mongodb-codeigniter/vendor/codeigniter4/framework/system/CodeIgniter.php(832): App\Controllers\Books->index()
#5 /media/pcprog2/d614782d-4a30-4b71-93ce-c6b330e96b8d/Kyle files/GIT Projects/mongodb-codeigniter/vendor/codeigniter4/framework/system/CodeIgniter.php(419): CodeIgniter\CodeIgniter->runController()
#6 /media/pcprog2/d614782d-4a30-4b71-93ce-c6b330e96b8d/Kyle files/GIT Projects/mongodb-codeigniter/vendor/codeigniter4/framework/system/CodeIgniter.php(326): CodeIgniter\CodeIgniter->handleRequest()
#7 /media/pcprog2/d614782d-4a30-4b71-93ce-c6b330e96b8d/Kyle files/GIT Projects/mongodb-codeigniter/public/index.php(37): CodeIgniter\CodeIgniter->run()
#8 /media/pcprog2/d614782d-4a30-4b71-93ce-c6b330e96b8d/Kyle files/GIT Projects/mongodb-codeigniter/vendor/codeigniter4/framework/system/Commands/Server/rewrite.php(43): require_once('...')
#9 {main}
CRITICAL - 2023-07-22 03:02:34 --> Call to undefined function App\Libraries\show_error()
#0 /media/pcprog2/d614782d-4a30-4b71-93ce-c6b330e96b8d/Kyle files/GIT Projects/mongodb-codeigniter/app/Models/BooksModel.php(11): App\Libraries\DatabaseConnector->__construct()
#1 /media/pcprog2/d614782d-4a30-4b71-93ce-c6b330e96b8d/Kyle files/GIT Projects/mongodb-codeigniter/vendor/codeigniter4/framework/system/Config/Factories.php(110): App\Models\BooksModel->__construct()
#2 /media/pcprog2/d614782d-4a30-4b71-93ce-c6b330e96b8d/Kyle files/GIT Projects/mongodb-codeigniter/vendor/codeigniter4/framework/system/Common.php(780): CodeIgniter\Config\Factories::__callStatic()
#3 /media/pcprog2/d614782d-4a30-4b71-93ce-c6b330e96b8d/Kyle files/GIT Projects/mongodb-codeigniter/app/Controllers/Books.php(13): model()
#4 /media/pcprog2/d614782d-4a30-4b71-93ce-c6b330e96b8d/Kyle files/GIT Projects/mongodb-codeigniter/vendor/codeigniter4/framework/system/CodeIgniter.php(832): App\Controllers\Books->index()
#5 /media/pcprog2/d614782d-4a30-4b71-93ce-c6b330e96b8d/Kyle files/GIT Projects/mongodb-codeigniter/vendor/codeigniter4/framework/system/CodeIgniter.php(419): CodeIgniter\CodeIgniter->runController()
#6 /media/pcprog2/d614782d-4a30-4b71-93ce-c6b330e96b8d/Kyle files/GIT Projects/mongodb-codeigniter/vendor/codeigniter4/framework/system/CodeIgniter.php(326): CodeIgniter\CodeIgniter->handleRequest()
#7 /media/pcprog2/d614782d-4a30-4b71-93ce-c6b330e96b8d/Kyle files/GIT Projects/mongodb-codeigniter/public/index.php(37): CodeIgniter\CodeIgniter->run()
#8 /media/pcprog2/d614782d-4a30-4b71-93ce-c6b330e96b8d/Kyle files/GIT Projects/mongodb-codeigniter/vendor/codeigniter4/framework/system/Commands/Server/rewrite.php(43): require_once('...')
#9 {main}
CRITICAL - 2023-07-22 03:02:45 --> auth required, correlationID = 177421d68f8c5854bed93836
#0 /media/pcprog2/d614782d-4a30-4b71-93ce-c6b330e96b8d/Kyle files/GIT Projects/mongodb-codeigniter/vendor/mongodb/mongodb/src/Operation/Find.php(341): MongoDB\Driver\Server->executeQuery()
#1 /media/pcprog2/d614782d-4a30-4b71-93ce-c6b330e96b8d/Kyle files/GIT Projects/mongodb-codeigniter/vendor/mongodb/mongodb/src/Collection.php(666): MongoDB\Operation\Find->execute()
#2 /media/pcprog2/d614782d-4a30-4b71-93ce-c6b330e96b8d/Kyle files/GIT Projects/mongodb-codeigniter/app/Models/BooksModel.php(18): MongoDB\Collection->find()
#3 /media/pcprog2/d614782d-4a30-4b71-93ce-c6b330e96b8d/Kyle files/GIT Projects/mongodb-codeigniter/app/Controllers/Books.php(16): App\Models\BooksModel->getBooks()
#4 /media/pcprog2/d614782d-4a30-4b71-93ce-c6b330e96b8d/Kyle files/GIT Projects/mongodb-codeigniter/vendor/codeigniter4/framework/system/CodeIgniter.php(832): App\Controllers\Books->index()
#5 /media/pcprog2/d614782d-4a30-4b71-93ce-c6b330e96b8d/Kyle files/GIT Projects/mongodb-codeigniter/vendor/codeigniter4/framework/system/CodeIgniter.php(419): CodeIgniter\CodeIgniter->runController()
#6 /media/pcprog2/d614782d-4a30-4b71-93ce-c6b330e96b8d/Kyle files/GIT Projects/mongodb-codeigniter/vendor/codeigniter4/framework/system/CodeIgniter.php(326): CodeIgniter\CodeIgniter->handleRequest()
#7 /media/pcprog2/d614782d-4a30-4b71-93ce-c6b330e96b8d/Kyle files/GIT Projects/mongodb-codeigniter/public/index.php(37): CodeIgniter\CodeIgniter->run()
#8 /media/pcprog2/d614782d-4a30-4b71-93ce-c6b330e96b8d/Kyle files/GIT Projects/mongodb-codeigniter/vendor/codeigniter4/framework/system/Commands/Server/rewrite.php(43): require_once('...')
#9 {main}
CRITICAL - 2023-07-22 03:04:12 --> bad auth : authentication failed
#0 /media/pcprog2/d614782d-4a30-4b71-93ce-c6b330e96b8d/Kyle files/GIT Projects/mongodb-codeigniter/vendor/mongodb/mongodb/src/Operation/Find.php(341): MongoDB\Driver\Server->executeQuery()
#1 /media/pcprog2/d614782d-4a30-4b71-93ce-c6b330e96b8d/Kyle files/GIT Projects/mongodb-codeigniter/vendor/mongodb/mongodb/src/Collection.php(666): MongoDB\Operation\Find->execute()
#2 /media/pcprog2/d614782d-4a30-4b71-93ce-c6b330e96b8d/Kyle files/GIT Projects/mongodb-codeigniter/app/Models/BooksModel.php(18): MongoDB\Collection->find()
#3 /media/pcprog2/d614782d-4a30-4b71-93ce-c6b330e96b8d/Kyle files/GIT Projects/mongodb-codeigniter/app/Controllers/Books.php(16): App\Models\BooksModel->getBooks()
#4 /media/pcprog2/d614782d-4a30-4b71-93ce-c6b330e96b8d/Kyle files/GIT Projects/mongodb-codeigniter/vendor/codeigniter4/framework/system/CodeIgniter.php(832): App\Controllers\Books->index()
#5 /media/pcprog2/d614782d-4a30-4b71-93ce-c6b330e96b8d/Kyle files/GIT Projects/mongodb-codeigniter/vendor/codeigniter4/framework/system/CodeIgniter.php(419): CodeIgniter\CodeIgniter->runController()
#6 /media/pcprog2/d614782d-4a30-4b71-93ce-c6b330e96b8d/Kyle files/GIT Projects/mongodb-codeigniter/vendor/codeigniter4/framework/system/CodeIgniter.php(326): CodeIgniter\CodeIgniter->handleRequest()
#7 /media/pcprog2/d614782d-4a30-4b71-93ce-c6b330e96b8d/Kyle files/GIT Projects/mongodb-codeigniter/public/index.php(37): CodeIgniter\CodeIgniter->run()
#8 /media/pcprog2/d614782d-4a30-4b71-93ce-c6b330e96b8d/Kyle files/GIT Projects/mongodb-codeigniter/vendor/codeigniter4/framework/system/Commands/Server/rewrite.php(43): require_once('...')
#9 {main}
CRITICAL - 2023-07-22 03:17:33 --> Call to undefined function App\Libraries\show_error()
#0 /media/pcprog2/d614782d-4a30-4b71-93ce-c6b330e96b8d/Kyle files/GIT Projects/journal/app/Models/BooksModel.php(11): App\Libraries\DatabaseConnector->__construct()
#1 /media/pcprog2/d614782d-4a30-4b71-93ce-c6b330e96b8d/Kyle files/GIT Projects/journal/vendor/codeigniter4/framework/system/Config/Factories.php(110): App\Models\BooksModel->__construct()
#2 /media/pcprog2/d614782d-4a30-4b71-93ce-c6b330e96b8d/Kyle files/GIT Projects/journal/vendor/codeigniter4/framework/system/Common.php(780): CodeIgniter\Config\Factories::__callStatic()
#3 /media/pcprog2/d614782d-4a30-4b71-93ce-c6b330e96b8d/Kyle files/GIT Projects/journal/app/Controllers/Books.php(13): model()
#4 /media/pcprog2/d614782d-4a30-4b71-93ce-c6b330e96b8d/Kyle files/GIT Projects/journal/vendor/codeigniter4/framework/system/CodeIgniter.php(832): App\Controllers\Books->index()
#5 /media/pcprog2/d614782d-4a30-4b71-93ce-c6b330e96b8d/Kyle files/GIT Projects/journal/vendor/codeigniter4/framework/system/CodeIgniter.php(419): CodeIgniter\CodeIgniter->runController()
#6 /media/pcprog2/d614782d-4a30-4b71-93ce-c6b330e96b8d/Kyle files/GIT Projects/journal/vendor/codeigniter4/framework/system/CodeIgniter.php(326): CodeIgniter\CodeIgniter->handleRequest()
#7 /media/pcprog2/d614782d-4a30-4b71-93ce-c6b330e96b8d/Kyle files/GIT Projects/journal/public/index.php(37): CodeIgniter\CodeIgniter->run()
#8 /media/pcprog2/d614782d-4a30-4b71-93ce-c6b330e96b8d/Kyle files/GIT Projects/journal/vendor/codeigniter4/framework/system/Commands/Server/rewrite.php(43): require_once('...')
#9 {main}
CRITICAL - 2023-07-22 03:18:12 --> Call to undefined function App\Libraries\show_error()
#0 /media/pcprog2/d614782d-4a30-4b71-93ce-c6b330e96b8d/Kyle files/GIT Projects/journal/app/Models/BooksModel.php(11): App\Libraries\DatabaseConnector->__construct()
#1 /media/pcprog2/d614782d-4a30-4b71-93ce-c6b330e96b8d/Kyle files/GIT Projects/journal/vendor/codeigniter4/framework/system/Config/Factories.php(110): App\Models\BooksModel->__construct()
#2 /media/pcprog2/d614782d-4a30-4b71-93ce-c6b330e96b8d/Kyle files/GIT Projects/journal/vendor/codeigniter4/framework/system/Common.php(780): CodeIgniter\Config\Factories::__callStatic()
#3 /media/pcprog2/d614782d-4a30-4b71-93ce-c6b330e96b8d/Kyle files/GIT Projects/journal/app/Controllers/Books.php(13): model()
#4 /media/pcprog2/d614782d-4a30-4b71-93ce-c6b330e96b8d/Kyle files/GIT Projects/journal/vendor/codeigniter4/framework/system/CodeIgniter.php(832): App\Controllers\Books->index()
#5 /media/pcprog2/d614782d-4a30-4b71-93ce-c6b330e96b8d/Kyle files/GIT Projects/journal/vendor/codeigniter4/framework/system/CodeIgniter.php(419): CodeIgniter\CodeIgniter->runController()
#6 /media/pcprog2/d614782d-4a30-4b71-93ce-c6b330e96b8d/Kyle files/GIT Projects/journal/vendor/codeigniter4/framework/system/CodeIgniter.php(326): CodeIgniter\CodeIgniter->handleRequest()
#7 /media/pcprog2/d614782d-4a30-4b71-93ce-c6b330e96b8d/Kyle files/GIT Projects/journal/public/index.php(37): CodeIgniter\CodeIgniter->run()
#8 /media/pcprog2/d614782d-4a30-4b71-93ce-c6b330e96b8d/Kyle files/GIT Projects/journal/vendor/codeigniter4/framework/system/Commands/Server/rewrite.php(43): require_once('...')
#9 {main}
